\BOOKMARK [1][-]{section.1}{Introduction}{}% 1
\BOOKMARK [2][-]{subsection.1.1}{Revision History}{section.1}% 2
\BOOKMARK [2][-]{subsection.1.2}{Purpose and Scope}{section.1}% 3
\BOOKMARK [2][-]{subsection.1.3}{Definitions, Acronyms, Abbreviations}{section.1}% 4
\BOOKMARK [3][-]{subsubsection.1.3.1}{Definitions}{subsection.1.3}% 5
\BOOKMARK [3][-]{subsubsection.1.3.2}{Acronyms}{subsection.1.3}% 6
\BOOKMARK [3][-]{subsubsection.1.3.3}{Abbreviations}{subsection.1.3}% 7
\BOOKMARK [2][-]{subsection.1.4}{Reference Documents}{section.1}% 8
\BOOKMARK [1][-]{section.2}{Project Size and Cost Estimation}{}% 9
\BOOKMARK [2][-]{subsection.2.1}{Size estimation: function points}{section.2}% 10
\BOOKMARK [3][-]{subsubsection.2.1.1}{Internal Logic Files}{subsection.2.1}% 11
\BOOKMARK [3][-]{subsubsection.2.1.2}{External Logic Files\(ELFs\)}{subsection.2.1}% 12
\BOOKMARK [3][-]{subsubsection.2.1.3}{External Inputs \(EIs\)}{subsection.2.1}% 13
\BOOKMARK [2][-]{subsection.2.2}{External Inquiries}{section.2}% 14
\BOOKMARK [2][-]{subsection.2.3}{External Outputs}{section.2}% 15
\BOOKMARK [2][-]{subsection.2.4}{Overall Estimation}{section.2}% 16
\BOOKMARK [2][-]{subsection.2.5}{Cost and effort estimation: COCOMO II}{section.2}% 17
\BOOKMARK [3][-]{subsubsection.2.5.1}{Scale Drivers}{subsection.2.5}% 18
\BOOKMARK [3][-]{subsubsection.2.5.2}{Cost Drivers}{subsection.2.5}% 19
\BOOKMARK [3][-]{subsubsection.2.5.3}{Effort Equation}{subsection.2.5}% 20
\BOOKMARK [2][-]{subsection.2.6}{Schedule Estimation}{section.2}% 21
\BOOKMARK [1][-]{section.3}{Schedule}{}% 22
\BOOKMARK [1][-]{section.4}{Resource Allocation}{}% 23
\BOOKMARK [1][-]{section.5}{Risk Managment}{}% 24
\BOOKMARK [1][-]{section.6}{Effort Spent}{}% 25
